Started GET "/blog" for ::1 at 2016-10-03 14:21:32 +0700
  
ActionController::RoutingError (No route matches [GET] "/blog"):
  
actionpack (5.0.0.1) lib/action_dispatch/middleware/debug_exceptions.rb:53:in `call'
web-console (3.3.1) lib/web_console/middleware.rb:131:in `call_app'
web-console (3.3.1) lib/web_console/middleware.rb:28:in `block in call'
web-console (3.3.1) lib/web_console/middleware.rb:18:in `catch'
web-console (3.3.1) lib/web_console/middleware.rb:18:in `call'
actionpack (5.0.0.1) lib/action_dispatch/middleware/show_exceptions.rb:31:in `call'
railties (5.0.0.1) lib/rails/rack/logger.rb:36:in `call_app'
railties (5.0.0.1) lib/rails/rack/logger.rb:24:in `block in call'
activesupport (5.0.0.1) lib/active_support/tagged_logging.rb:70:in `block in tagged'
activesupport (5.0.0.1) lib/active_support/tagged_logging.rb:26:in `tagged'
activesupport (5.0.0.1) lib/active_support/tagged_logging.rb:70:in `tagged'
railties (5.0.0.1) lib/rails/rack/logger.rb:24:in `call'
sprockets-rails (3.2.0) lib/sprockets/rails/quiet_assets.rb:13:in `call'
actionpack (5.0.0.1) lib/action_dispatch/middleware/request_id.rb:24:in `call'
rack (2.0.1) lib/rack/method_override.rb:22:in `call'
rack (2.0.1) lib/rack/runtime.rb:22:in `call'
activesupport (5.0.0.1) lib/active_support/cache/strategy/local_cache_middleware.rb:28:in `call'
actionpack (5.0.0.1) lib/action_dispatch/middleware/executor.rb:12:in `call'
actionpack (5.0.0.1) lib/action_dispatch/middleware/static.rb:136:in `call'
rack (2.0.1) lib/rack/sendfile.rb:111:in `call'
railties (5.0.0.1) lib/rails/engine.rb:522:in `call'
puma (3.6.0) lib/puma/configuration.rb:225:in `call'
puma (3.6.0) lib/puma/server.rb:578:in `handle_request'
puma (3.6.0) lib/puma/server.rb:415:in `process_client'
puma (3.6.0) lib/puma/server.rb:275:in `block in run'
puma (3.6.0) lib/puma/thread_pool.rb:116:in `call'
puma (3.6.0) lib/puma/thread_pool.rb:116:in `block in spawn_thread'
  Rendering C:/RailsInstaller/Ruby2.2.0/lib/ruby/gems/2.2.0/gems/actionpack-5.0.0.1/lib/action_dispatch/middleware/templates/rescues/routing_error.html.erb within rescues/layout
  Rendering C:/RailsInstaller/Ruby2.2.0/lib/ruby/gems/2.2.0/gems/actionpack-5.0.0.1/lib/action_dispatch/middleware/templates/rescues/_trace.html.erb
  Rendered C:/RailsInstaller/Ruby2.2.0/lib/ruby/gems/2.2.0/gems/actionpack-5.0.0.1/lib/action_dispatch/middleware/templates/rescues/_trace.html.erb (2.0ms)
  Rendered C:/RailsInstaller/Ruby2.2.0/lib/ruby/gems/2.2.0/gems/actionpack-5.0.0.1/lib/action_dispatch/middleware/templates/routes/_table.html.erb (12.0ms)
Started GET "/" for ::1 at 2016-10-03 14:21:33 +0700
  Rendering C:/RailsInstaller/Ruby2.2.0/lib/ruby/gems/2.2.0/gems/actionpack-5.0.0.1/lib/action_dispatch/middleware/templates/rescues/_request_and_response.html.erb
  Rendered C:/RailsInstaller/Ruby2.2.0/lib/ruby/gems/2.2.0/gems/actionpack-5.0.0.1/lib/action_dispatch/middleware/templates/rescues/_request_and_response.html.erb (32.1ms)
  Rendered C:/RailsInstaller/Ruby2.2.0/lib/ruby/gems/2.2.0/gems/actionpack-5.0.0.1/lib/action_dispatch/middleware/templates/rescues/routing_error.html.erb within rescues/layout (841.3ms)
Started GET "/" for ::1 at 2016-10-03 14:21:35 +0700
Processing by Rails::WelcomeController#index as HTML
Processing by Rails::WelcomeController#index as HTML
  Parameters: {"internal"=>true}
  Parameters: {"internal"=>true}
  Rendering C:/RailsInstaller/Ruby2.2.0/lib/ruby/gems/2.2.0/gems/railties-5.0.0.1/lib/rails/templates/rails/welcome/index.html.erb
  Rendered C:/RailsInstaller/Ruby2.2.0/lib/ruby/gems/2.2.0/gems/railties-5.0.0.1/lib/rails/templates/rails/welcome/index.html.erb (3.0ms)
Completed 200 OK in 84ms (Views: 43.7ms | ActiveRecord: 0.0ms)


  Rendering C:/RailsInstaller/Ruby2.2.0/lib/ruby/gems/2.2.0/gems/railties-5.0.0.1/lib/rails/templates/rails/welcome/index.html.erb
  Rendered C:/RailsInstaller/Ruby2.2.0/lib/ruby/gems/2.2.0/gems/railties-5.0.0.1/lib/rails/templates/rails/welcome/index.html.erb (0.0ms)
Completed 200 OK in 67ms (Views: 27.0ms | ActiveRecord: 0.0ms)


  [1m[35m (120.1ms)[0m  [1m[35mCREATE TABLE "schema_migrations" ("version" varchar NOT NULL PRIMARY KEY)[0m
  [1m[35m (79.1ms)[0m  [1m[35mCREATE TABLE "ar_internal_metadata" ("key" varchar NOT NULL PRIMARY KEY, "value" varchar, "created_at" datetime NOT NULL, "updated_at" datetime NOT NULL)[0m
  [1m[36mActiveRecord::SchemaMigration Load (0.0ms)[0m  [1m[34mSELECT "schema_migrations".* FROM "schema_migrations"[0m
Migrating to CreateFriendlyIdSlugs (20161003074910)
  [1m[35m (0.0ms)[0m  [1m[36mbegin transaction[0m
DEPRECATION WARNING: Directly inheriting from ActiveRecord::Migration is deprecated. Please specify the Rails release the migration was written for:

  class CreateFriendlyIdSlugs < ActiveRecord::Migration[4.2] (called from require at bin/rails:4)
  [1m[35m (0.0ms)[0m  [1m[35mCREATE TABLE "friendly_id_slugs" ("id" INTEGER PRIMARY KEY AUTOINCREMENT NOT NULL, "slug" varchar NOT NULL, "sluggable_id" integer NOT NULL, "sluggable_type" varchar(50), "scope" varchar, "created_at" datetime)[0m
  [1m[35m (0.0ms)[0m  [1m[34mselect sqlite_version(*)[0m
  [1m[35m (1.0ms)[0m  [1m[35mCREATE  INDEX "index_friendly_id_slugs_on_sluggable_id" ON "friendly_id_slugs" ("sluggable_id")[0m
  [1m[35m (0.0ms)[0m  [1m[34m            SELECT sql
            FROM sqlite_master
            WHERE name='index_friendly_id_slugs_on_sluggable_id' AND type='index'
            UNION ALL
            SELECT sql
            FROM sqlite_temp_master
            WHERE name='index_friendly_id_slugs_on_sluggable_id' AND type='index'
[0m
  [1m[35m (0.0ms)[0m  [1m[35mCREATE  INDEX "index_friendly_id_slugs_on_slug_and_sluggable_type" ON "friendly_id_slugs" ("slug", "sluggable_type")[0m
  [1m[35m (0.0ms)[0m  [1m[34m            SELECT sql
            FROM sqlite_master
            WHERE name='index_friendly_id_slugs_on_slug_and_sluggable_type' AND type='index'
            UNION ALL
            SELECT sql
            FROM sqlite_temp_master
            WHERE name='index_friendly_id_slugs_on_slug_and_sluggable_type' AND type='index'
[0m
  [1m[35m (0.0ms)[0m  [1m[34m            SELECT sql
            FROM sqlite_master
            WHERE name='index_friendly_id_slugs_on_sluggable_id' AND type='index'
            UNION ALL
            SELECT sql
            FROM sqlite_temp_master
            WHERE name='index_friendly_id_slugs_on_sluggable_id' AND type='index'
[0m
  [1m[35m (2.0ms)[0m  [1m[35mCREATE UNIQUE INDEX "index_friendly_id_slugs_on_slug_and_sluggable_type_and_scope" ON "friendly_id_slugs" ("slug", "sluggable_type", "scope")[0m
  [1m[35m (0.0ms)[0m  [1m[34m            SELECT sql
            FROM sqlite_master
            WHERE name='index_friendly_id_slugs_on_slug_and_sluggable_type_and_scope' AND type='index'
            UNION ALL
            SELECT sql
            FROM sqlite_temp_master
            WHERE name='index_friendly_id_slugs_on_slug_and_sluggable_type_and_scope' AND type='index'
[0m
  [1m[35m (0.0ms)[0m  [1m[34m            SELECT sql
            FROM sqlite_master
            WHERE name='index_friendly_id_slugs_on_slug_and_sluggable_type' AND type='index'
            UNION ALL
            SELECT sql
            FROM sqlite_temp_master
            WHERE name='index_friendly_id_slugs_on_slug_and_sluggable_type' AND type='index'
[0m
  [1m[35m (0.0ms)[0m  [1m[34m            SELECT sql
            FROM sqlite_master
            WHERE name='index_friendly_id_slugs_on_sluggable_id' AND type='index'
            UNION ALL
            SELECT sql
            FROM sqlite_temp_master
            WHERE name='index_friendly_id_slugs_on_sluggable_id' AND type='index'
[0m
  [1m[35m (0.0ms)[0m  [1m[35mCREATE  INDEX "index_friendly_id_slugs_on_sluggable_type" ON "friendly_id_slugs" ("sluggable_type")[0m
  [1m[35mSQL (1.0ms)[0m  [1m[32mINSERT INTO "schema_migrations" ("version") VALUES (?)[0m  [["version", "20161003074910"]]
  [1m[35m (104.1ms)[0m  [1m[36mcommit transaction[0m
Migrating to CreatePosts (20161003075119)
  [1m[35m (0.0ms)[0m  [1m[36mbegin transaction[0m
  [1m[35m (1.0ms)[0m  [1m[35mCREATE TABLE "posts" ("id" INTEGER PRIMARY KEY AUTOINCREMENT NOT NULL, "title" varchar, "body" text, "comment" text, "slug" varchar, "created_at" datetime NOT NULL, "updated_at" datetime NOT NULL)[0m
  [1m[35m (1.0ms)[0m  [1m[35mCREATE UNIQUE INDEX "index_posts_on_slug" ON "posts" ("slug")[0m
  [1m[35mSQL (0.0ms)[0m  [1m[32mINSERT INTO "schema_migrations" ("version") VALUES (?)[0m  [["version", "20161003075119"]]
  [1m[35m (298.2ms)[0m  [1m[36mcommit transaction[0m
  [1m[36mActiveRecord::InternalMetadata Load (1.0ms)[0m  [1m[34mSELECT  "ar_internal_metadata".* FROM "ar_internal_metadata" WHERE "ar_internal_metadata"."key" = ? LIMIT ?[0m  [["key", :environment], ["LIMIT", 1]]
  [1m[35m (0.0ms)[0m  [1m[36mbegin transaction[0m
  [1m[35mSQL (0.0ms)[0m  [1m[32mINSERT INTO "ar_internal_metadata" ("key", "value", "created_at", "updated_at") VALUES (?, ?, ?, ?)[0m  [["key", "environment"], ["value", "development"], ["created_at", 2016-10-03 07:52:08 UTC], ["updated_at", 2016-10-03 07:52:08 UTC]]
  [1m[35m (92.1ms)[0m  [1m[36mcommit transaction[0m
  [1m[36mActiveRecord::SchemaMigration Load (1.0ms)[0m  [1m[34mSELECT "schema_migrations".* FROM "schema_migrations"[0m
  [1m[35m (0.0ms)[0m  [1m[34m            SELECT sql
            FROM sqlite_master
            WHERE name='index_friendly_id_slugs_on_sluggable_type' AND type='index'
            UNION ALL
            SELECT sql
            FROM sqlite_temp_master
            WHERE name='index_friendly_id_slugs_on_sluggable_type' AND type='index'
[0m
  [1m[35m (0.0ms)[0m  [1m[34m            SELECT sql
            FROM sqlite_master
            WHERE name='index_friendly_id_slugs_on_slug_and_sluggable_type_and_scope' AND type='index'
            UNION ALL
            SELECT sql
            FROM sqlite_temp_master
            WHERE name='index_friendly_id_slugs_on_slug_and_sluggable_type_and_scope' AND type='index'
[0m
  [1m[35m (0.0ms)[0m  [1m[34m            SELECT sql
            FROM sqlite_master
            WHERE name='index_friendly_id_slugs_on_slug_and_sluggable_type' AND type='index'
            UNION ALL
            SELECT sql
            FROM sqlite_temp_master
            WHERE name='index_friendly_id_slugs_on_slug_and_sluggable_type' AND type='index'
[0m
  [1m[35m (0.0ms)[0m  [1m[34m            SELECT sql
            FROM sqlite_master
            WHERE name='index_friendly_id_slugs_on_sluggable_id' AND type='index'
            UNION ALL
            SELECT sql
            FROM sqlite_temp_master
            WHERE name='index_friendly_id_slugs_on_sluggable_id' AND type='index'
[0m
  [1m[35m (0.0ms)[0m  [1m[34m            SELECT sql
            FROM sqlite_master
            WHERE name='index_posts_on_slug' AND type='index'
            UNION ALL
            SELECT sql
            FROM sqlite_temp_master
            WHERE name='index_posts_on_slug' AND type='index'
[0m
Started GET "/blog" for ::1 at 2016-10-03 14:56:03 +0700
  [1m[36mActiveRecord::SchemaMigration Load (0.0ms)[0m  [1m[34mSELECT "schema_migrations".* FROM "schema_migrations"[0m
  
ActionController::RoutingError (No route matches [GET] "/blog"):
  
actionpack (5.0.0.1) lib/action_dispatch/middleware/debug_exceptions.rb:53:in `call'
web-console (3.3.1) lib/web_console/middleware.rb:131:in `call_app'
web-console (3.3.1) lib/web_console/middleware.rb:28:in `block in call'
web-console (3.3.1) lib/web_console/middleware.rb:18:in `catch'
web-console (3.3.1) lib/web_console/middleware.rb:18:in `call'
actionpack (5.0.0.1) lib/action_dispatch/middleware/show_exceptions.rb:31:in `call'
railties (5.0.0.1) lib/rails/rack/logger.rb:36:in `call_app'
railties (5.0.0.1) lib/rails/rack/logger.rb:24:in `block in call'
activesupport (5.0.0.1) lib/active_support/tagged_logging.rb:70:in `block in tagged'
activesupport (5.0.0.1) lib/active_support/tagged_logging.rb:26:in `tagged'
activesupport (5.0.0.1) lib/active_support/tagged_logging.rb:70:in `tagged'
railties (5.0.0.1) lib/rails/rack/logger.rb:24:in `call'
sprockets-rails (3.2.0) lib/sprockets/rails/quiet_assets.rb:13:in `call'
actionpack (5.0.0.1) lib/action_dispatch/middleware/request_id.rb:24:in `call'
rack (2.0.1) lib/rack/method_override.rb:22:in `call'
rack (2.0.1) lib/rack/runtime.rb:22:in `call'
activesupport (5.0.0.1) lib/active_support/cache/strategy/local_cache_middleware.rb:28:in `call'
actionpack (5.0.0.1) lib/action_dispatch/middleware/executor.rb:12:in `call'
actionpack (5.0.0.1) lib/action_dispatch/middleware/static.rb:136:in `call'
rack (2.0.1) lib/rack/sendfile.rb:111:in `call'
railties (5.0.0.1) lib/rails/engine.rb:522:in `call'
puma (3.6.0) lib/puma/configuration.rb:225:in `call'
puma (3.6.0) lib/puma/server.rb:578:in `handle_request'
puma (3.6.0) lib/puma/server.rb:415:in `process_client'
puma (3.6.0) lib/puma/server.rb:275:in `block in run'
puma (3.6.0) lib/puma/thread_pool.rb:116:in `call'
puma (3.6.0) lib/puma/thread_pool.rb:116:in `block in spawn_thread'
  Rendering C:/RailsInstaller/Ruby2.2.0/lib/ruby/gems/2.2.0/gems/actionpack-5.0.0.1/lib/action_dispatch/middleware/templates/rescues/routing_error.html.erb within rescues/layout
Started GET "/" for ::1 at 2016-10-03 14:56:03 +0700
  Rendering C:/RailsInstaller/Ruby2.2.0/lib/ruby/gems/2.2.0/gems/actionpack-5.0.0.1/lib/action_dispatch/middleware/templates/rescues/_trace.html.erb
  Rendered C:/RailsInstaller/Ruby2.2.0/lib/ruby/gems/2.2.0/gems/actionpack-5.0.0.1/lib/action_dispatch/middleware/templates/rescues/_trace.html.erb (0.0ms)
  Rendered collection of C:/RailsInstaller/Ruby2.2.0/lib/ruby/gems/2.2.0/gems/actionpack-5.0.0.1/lib/action_dispatch/middleware/templates/routes/_route.html.erb [9 times] (41.0ms)
  Rendered C:/RailsInstaller/Ruby2.2.0/lib/ruby/gems/2.2.0/gems/actionpack-5.0.0.1/lib/action_dispatch/middleware/templates/routes/_table.html.erb (40.0ms)
  Rendering C:/RailsInstaller/Ruby2.2.0/lib/ruby/gems/2.2.0/gems/actionpack-5.0.0.1/lib/action_dispatch/middleware/templates/rescues/_request_and_response.html.erb
  Rendered C:/RailsInstaller/Ruby2.2.0/lib/ruby/gems/2.2.0/gems/actionpack-5.0.0.1/lib/action_dispatch/middleware/templates/rescues/_request_and_response.html.erb (25.0ms)
  Rendered C:/RailsInstaller/Ruby2.2.0/lib/ruby/gems/2.2.0/gems/actionpack-5.0.0.1/lib/action_dispatch/middleware/templates/rescues/routing_error.html.erb within rescues/layout (1264.4ms)
Processing by PostsController#index as HTML
Started GET "/" for ::1 at 2016-10-03 14:56:06 +0700
Processing by PostsController#index as HTML
  Rendering posts/index.html.erb within layouts/application
  [1m[36mPost Load (1.0ms)[0m  [1m[34mSELECT "posts".* FROM "posts"[0m
  Rendering posts/index.html.erb within layouts/application
  Rendered posts/index.html.erb within layouts/application (4.0ms)
  [1m[36mPost Load (0.0ms)[0m  [1m[34mSELECT "posts".* FROM "posts"[0m
  Rendered posts/index.html.erb within layouts/application (37.0ms)
Completed 500 Internal Server Error in 7437ms (ActiveRecord: 2.0ms)


  
ActionView::Template::Error (Permission denied @ utime_failed - C:/Users/TanPhan/Documents/thuongmaidientu/hiblog/tmp/cache/assets/sprockets/v3.0/Bj/BjlyQyg1EjSj9Agwu7xia_tQGD8W17a9kKYShMYY3_U.cache):
    4:     <title>Hiblog</title>
    5:     <%= csrf_meta_tags %>
    6: 
    7:     <%= stylesheet_link_tag    'application', media: 'all', 'data-turbolinks-track': 'reload' %>
    8:     <%= javascript_include_tag 'application', 'data-turbolinks-track': 'reload' %>
    9:   </head>
   10: 
  
app/views/layouts/application.html.erb:7:in `_app_views_layouts_application_html_erb___190519871_35015628'
  Rendering C:/RailsInstaller/Ruby2.2.0/lib/ruby/gems/2.2.0/gems/actionpack-5.0.0.1/lib/action_dispatch/middleware/templates/rescues/template_error.html.erb within rescues/layout
  Rendering C:/RailsInstaller/Ruby2.2.0/lib/ruby/gems/2.2.0/gems/actionpack-5.0.0.1/lib/action_dispatch/middleware/templates/rescues/_source.html.erb
  Rendered C:/RailsInstaller/Ruby2.2.0/lib/ruby/gems/2.2.0/gems/actionpack-5.0.0.1/lib/action_dispatch/middleware/templates/rescues/_source.html.erb (10.0ms)
  Rendering C:/RailsInstaller/Ruby2.2.0/lib/ruby/gems/2.2.0/gems/actionpack-5.0.0.1/lib/action_dispatch/middleware/templates/rescues/_trace.html.erb
  Rendered C:/RailsInstaller/Ruby2.2.0/lib/ruby/gems/2.2.0/gems/actionpack-5.0.0.1/lib/action_dispatch/middleware/templates/rescues/_trace.html.erb (5.0ms)
  Rendering C:/RailsInstaller/Ruby2.2.0/lib/ruby/gems/2.2.0/gems/actionpack-5.0.0.1/lib/action_dispatch/middleware/templates/rescues/_request_and_response.html.erb
  Rendered C:/RailsInstaller/Ruby2.2.0/lib/ruby/gems/2.2.0/gems/actionpack-5.0.0.1/lib/action_dispatch/middleware/templates/rescues/_request_and_response.html.erb (1.0ms)
  Rendered C:/RailsInstaller/Ruby2.2.0/lib/ruby/gems/2.2.0/gems/actionpack-5.0.0.1/lib/action_dispatch/middleware/templates/rescues/template_error.html.erb within rescues/layout (788.6ms)
Completed 200 OK in 20563ms (Views: 20510.7ms | ActiveRecord: 0.0ms)


Started GET "/posts/new" for ::1 at 2016-10-03 14:56:31 +0700
Processing by PostsController#new as HTML
  Rendering posts/new.html.erb within layouts/application
  Rendered posts/_form.html.erb (68.8ms)
  Rendered posts/new.html.erb within layouts/application (84.4ms)
Completed 200 OK in 237ms (Views: 227.8ms | ActiveRecord: 1.0ms)


Started POST "/posts" for ::1 at 2016-10-03 14:57:08 +0700
Processing by PostsController#create as HTML
  Parameters: {"utf8"=>"✓", "authenticity_token"=>"DlusIkebdcy+u9vyLNj8hlo9SqIKTY20s4So+79EVt5xlCxw2tuJSW6+IPgUk52VwN8obnKcnP0jXBSFGcWDXA==", "post"=>{"title"=>"this is first blog", "body"=>"this is first content", "comment"=>"this is first comment", "slug"=>""}, "commit"=>"Create Post"}
  [1m[35m (0.0ms)[0m  [1m[36mbegin transaction[0m
  [1m[36mPost Exists (0.0ms)[0m  [1m[34mSELECT  1 AS one FROM "posts" WHERE ("posts"."id" IS NOT NULL) AND "posts"."slug" = ? LIMIT ?[0m  [["slug", "this-is-first-blog"], ["LIMIT", 1]]
  [1m[35mSQL (1.0ms)[0m  [1m[32mINSERT INTO "posts" ("title", "body", "comment", "slug", "created_at", "updated_at") VALUES (?, ?, ?, ?, ?, ?)[0m  [["title", "this is first blog"], ["body", "this is first content"], ["comment", "this is first comment"], ["slug", "this-is-first-blog"], ["created_at", 2016-10-03 07:57:08 UTC], ["updated_at", 2016-10-03 07:57:08 UTC]]
  [1m[35m (113.1ms)[0m  [1m[36mcommit transaction[0m
Redirected to http://localhost:3000/posts/this-is-first-blog
Completed 302 Found in 416ms (ActiveRecord: 114.1ms)


Started GET "/posts/this-is-first-blog" for ::1 at 2016-10-03 14:57:09 +0700
Processing by PostsController#show as HTML
  Parameters: {"id"=>"this-is-first-blog"}
  [1m[36mPost Load (0.0ms)[0m  [1m[34mSELECT  "posts".* FROM "posts" WHERE "posts"."slug" = ? ORDER BY "posts"."id" ASC LIMIT ?[0m  [["slug", "this-is-first-blog"], ["LIMIT", 1]]
  Rendering posts/show.html.erb within layouts/application
  Rendered posts/show.html.erb within layouts/application (1.0ms)
Completed 200 OK in 158ms (Views: 141.9ms | ActiveRecord: 0.0ms)


Started GET "/posts" for ::1 at 2016-10-03 14:57:14 +0700
Processing by PostsController#index as HTML
  Rendering posts/index.html.erb within layouts/application
  [1m[36mPost Load (0.0ms)[0m  [1m[34mSELECT "posts".* FROM "posts"[0m
  Rendered posts/index.html.erb within layouts/application (0.0ms)
Completed 200 OK in 158ms (Views: 147.0ms | ActiveRecord: 0.0ms)


Started GET "/posts/this-is-first-blog" for ::1 at 2016-10-03 14:59:49 +0700
Processing by PostsController#show as HTML
  Parameters: {"id"=>"this-is-first-blog"}
  [1m[36mPost Load (1.0ms)[0m  [1m[34mSELECT  "posts".* FROM "posts" WHERE "posts"."slug" = ? ORDER BY "posts"."id" ASC LIMIT ?[0m  [["slug", "this-is-first-blog"], ["LIMIT", 1]]
  Rendering posts/show.html.erb within layouts/application
  Rendered posts/show.html.erb within layouts/application (1.0ms)
Completed 200 OK in 168ms (Views: 150.8ms | ActiveRecord: 1.0ms)


Started GET "/posts" for ::1 at 2016-10-03 14:59:51 +0700
Processing by PostsController#index as HTML
  Rendering posts/index.html.erb within layouts/application
  [1m[36mPost Load (0.0ms)[0m  [1m[34mSELECT "posts".* FROM "posts"[0m
  Rendered posts/index.html.erb within layouts/application (4.0ms)
Completed 200 OK in 159ms (Views: 144.7ms | ActiveRecord: 0.0ms)


Started GET "/posts/this-is-first-blog/edit" for ::1 at 2016-10-03 14:59:52 +0700
Processing by PostsController#edit as HTML
  Parameters: {"id"=>"this-is-first-blog"}
  [1m[36mPost Load (0.0ms)[0m  [1m[34mSELECT  "posts".* FROM "posts" WHERE "posts"."slug" = ? ORDER BY "posts"."id" ASC LIMIT ?[0m  [["slug", "this-is-first-blog"], ["LIMIT", 1]]
  Rendering posts/edit.html.erb within layouts/application
  Rendered posts/_form.html.erb (5.0ms)
  Rendered posts/edit.html.erb within layouts/application (33.0ms)
Completed 200 OK in 361ms (Views: 326.2ms | ActiveRecord: 0.0ms)


Started GET "/posts" for ::1 at 2016-10-03 14:59:59 +0700
Processing by PostsController#index as HTML
  Rendering posts/index.html.erb within layouts/application
  [1m[36mPost Load (0.0ms)[0m  [1m[34mSELECT "posts".* FROM "posts"[0m
  Rendered posts/index.html.erb within layouts/application (4.0ms)
Completed 200 OK in 175ms (Views: 152.0ms | ActiveRecord: 0.0ms)


Started DELETE "/posts/this-is-first-blog" for ::1 at 2016-10-03 15:00:03 +0700
Processing by PostsController#destroy as HTML
  Parameters: {"authenticity_token"=>"F8dwTba/mVrav+omh/lJ7TKYWTN1ITHfMx0auUyzEbsp3yUyRdRZfdDIfB7Ogee1ldPnhs/qEjdkwB1gyhCDbg==", "id"=>"this-is-first-blog"}
  [1m[36mPost Load (0.0ms)[0m  [1m[34mSELECT  "posts".* FROM "posts" WHERE "posts"."slug" = ? ORDER BY "posts"."id" ASC LIMIT ?[0m  [["slug", "this-is-first-blog"], ["LIMIT", 1]]
  [1m[35m (0.0ms)[0m  [1m[36mbegin transaction[0m
  [1m[35mSQL (1.0ms)[0m  [1m[31mDELETE FROM "posts" WHERE "posts"."id" = ?[0m  [["id", 1]]
  [1m[35m (152.1ms)[0m  [1m[36mcommit transaction[0m
Redirected to http://localhost:3000/posts
Completed 302 Found in 160ms (ActiveRecord: 153.1ms)


Started GET "/posts" for ::1 at 2016-10-03 15:00:03 +0700
Processing by PostsController#index as HTML
  Rendering posts/index.html.erb within layouts/application
  [1m[36mPost Load (0.0ms)[0m  [1m[34mSELECT "posts".* FROM "posts"[0m
  Rendered posts/index.html.erb within layouts/application (3.0ms)
Completed 200 OK in 163ms (Views: 149.8ms | ActiveRecord: 0.0ms)


Started GET "/posts/new" for ::1 at 2016-10-03 15:00:05 +0700
Processing by PostsController#new as HTML
  Rendering posts/new.html.erb within layouts/application
  Rendered posts/_form.html.erb (5.0ms)
  Rendered posts/new.html.erb within layouts/application (33.0ms)
Completed 200 OK in 365ms (Views: 332.0ms | ActiveRecord: 0.0ms)


Started POST "/posts" for ::1 at 2016-10-03 15:00:26 +0700
Processing by PostsController#create as HTML
  Parameters: {"utf8"=>"✓", "authenticity_token"=>"32UPma3oDvkg/rxyWvPnehS3qLe5zzhyM7CFAz2YAnWgqo/LMKjyfPD7R3hiuIZpjlXKe8EeKTujaDl9mxnX9w==", "post"=>{"title"=>"this is first title", "body"=>"this is first content", "comment"=>"this is first comment", "slug"=>""}, "commit"=>"Create Post"}
  [1m[35m (0.0ms)[0m  [1m[36mbegin transaction[0m
  [1m[36mPost Exists (1.0ms)[0m  [1m[34mSELECT  1 AS one FROM "posts" WHERE ("posts"."id" IS NOT NULL) AND "posts"."slug" = ? LIMIT ?[0m  [["slug", "this-is-first-title"], ["LIMIT", 1]]
  [1m[35mSQL (1.0ms)[0m  [1m[32mINSERT INTO "posts" ("title", "body", "comment", "slug", "created_at", "updated_at") VALUES (?, ?, ?, ?, ?, ?)[0m  [["title", "this is first title"], ["body", "this is first content"], ["comment", "this is first comment"], ["slug", "this-is-first-title"], ["created_at", 2016-10-03 08:00:26 UTC], ["updated_at", 2016-10-03 08:00:26 UTC]]
  [1m[35m (233.2ms)[0m  [1m[36mcommit transaction[0m
Redirected to http://localhost:3000/posts/this-is-first-title
Completed 302 Found in 244ms (ActiveRecord: 235.1ms)


Started GET "/posts/this-is-first-title" for ::1 at 2016-10-03 15:00:26 +0700
Processing by PostsController#show as HTML
  Parameters: {"id"=>"this-is-first-title"}
  [1m[36mPost Load (0.0ms)[0m  [1m[34mSELECT  "posts".* FROM "posts" WHERE "posts"."slug" = ? ORDER BY "posts"."id" ASC LIMIT ?[0m  [["slug", "this-is-first-title"], ["LIMIT", 1]]
  Rendering posts/show.html.erb within layouts/application
  Rendered posts/show.html.erb within layouts/application (1.0ms)
Completed 200 OK in 171ms (Views: 155.0ms | ActiveRecord: 0.0ms)


Started GET "/posts" for ::1 at 2016-10-03 15:00:29 +0700
Processing by PostsController#index as HTML
  Rendering posts/index.html.erb within layouts/application
  [1m[36mPost Load (0.0ms)[0m  [1m[34mSELECT "posts".* FROM "posts"[0m
  Rendered posts/index.html.erb within layouts/application (4.0ms)
Completed 200 OK in 164ms (Views: 150.6ms | ActiveRecord: 0.0ms)


Started GET "/posts/new" for ::1 at 2016-10-03 15:02:25 +0700
Processing by PostsController#new as HTML
  Rendering posts/new.html.erb within layouts/application
  Rendered posts/_form.html.erb (3.0ms)
  Rendered posts/new.html.erb within layouts/application (16.0ms)
Completed 200 OK in 183ms (Views: 169.4ms | ActiveRecord: 0.0ms)


Started POST "/posts" for ::1 at 2016-10-03 15:02:52 +0700
Processing by PostsController#create as HTML
  Parameters: {"utf8"=>"✓", "authenticity_token"=>"yBq0LCo5hRmfyp/ILUIOVjA6Tm30TLIiICyc1YtI9DG31TR+t3l5nE/PZMIVCW9FqtgsoYydo2uw9CCrLckhsw==", "post"=>{"title"=>"this is second title", "body"=>"this is second content", "comment"=>"this is second comment", "slug"=>""}, "commit"=>"Create Post"}
  [1m[35m (0.0ms)[0m  [1m[36mbegin transaction[0m
  [1m[36mPost Exists (0.0ms)[0m  [1m[34mSELECT  1 AS one FROM "posts" WHERE ("posts"."id" IS NOT NULL) AND "posts"."slug" = ? LIMIT ?[0m  [["slug", "this-is-second-title"], ["LIMIT", 1]]
  [1m[35mSQL (1.0ms)[0m  [1m[32mINSERT INTO "posts" ("title", "body", "comment", "slug", "created_at", "updated_at") VALUES (?, ?, ?, ?, ?, ?)[0m  [["title", "this is second title"], ["body", "this is second content"], ["comment", "this is second comment"], ["slug", "this-is-second-title"], ["created_at", 2016-10-03 08:02:52 UTC], ["updated_at", 2016-10-03 08:02:52 UTC]]
  [1m[35m (197.1ms)[0m  [1m[36mcommit transaction[0m
Redirected to http://localhost:3000/posts/this-is-second-title
Completed 302 Found in 206ms (ActiveRecord: 198.1ms)


Started GET "/posts/this-is-second-title" for ::1 at 2016-10-03 15:02:52 +0700
Processing by PostsController#show as HTML
  Parameters: {"id"=>"this-is-second-title"}
  [1m[36mPost Load (0.0ms)[0m  [1m[34mSELECT  "posts".* FROM "posts" WHERE "posts"."slug" = ? ORDER BY "posts"."id" ASC LIMIT ?[0m  [["slug", "this-is-second-title"], ["LIMIT", 1]]
  Rendering posts/show.html.erb within layouts/application
  Rendered posts/show.html.erb within layouts/application (2.0ms)
Completed 200 OK in 170ms (Views: 153.6ms | ActiveRecord: 0.0ms)


Started GET "/posts" for ::1 at 2016-10-03 15:02:54 +0700
Processing by PostsController#index as HTML
  Rendering posts/index.html.erb within layouts/application
  [1m[36mPost Load (1.0ms)[0m  [1m[34mSELECT "posts".* FROM "posts"[0m
  Rendered posts/index.html.erb within layouts/application (5.0ms)
Completed 200 OK in 350ms (Views: 322.3ms | ActiveRecord: 1.0ms)


Started GET "/posts" for ::1 at 2016-10-03 15:09:47 +0700
Processing by PostsController#index as HTML
  Rendering posts/index.html.erb within layouts/application
  [1m[36mPost Load (0.0ms)[0m  [1m[34mSELECT "posts".* FROM "posts"[0m
  Rendered posts/index.html.erb within layouts/application (4.0ms)
Completed 200 OK in 176ms (Views: 162.4ms | ActiveRecord: 0.0ms)


Started GET "/posts" for ::1 at 2016-10-03 15:12:16 +0700
Processing by PostsController#index as HTML
  Rendering posts/index.html.erb within layouts/application
  [1m[36mPost Load (1.0ms)[0m  [1m[34mSELECT "posts".* FROM "posts"[0m
  Rendered posts/index.html.erb within layouts/application (5.0ms)
Completed 200 OK in 172ms (Views: 157.2ms | ActiveRecord: 1.0ms)


Started GET "/posts" for ::1 at 2016-10-03 15:12:17 +0700
Processing by PostsController#index as HTML
  Rendering posts/index.html.erb within layouts/application
  [1m[36mPost Load (1.0ms)[0m  [1m[34mSELECT "posts".* FROM "posts"[0m
  Rendered posts/index.html.erb within layouts/application (4.0ms)
Completed 200 OK in 175ms (Views: 160.1ms | ActiveRecord: 1.0ms)


Started GET "/posts" for ::1 at 2016-10-03 15:12:17 +0700
Processing by PostsController#index as HTML
  Rendering posts/index.html.erb within layouts/application
  [1m[36mPost Load (1.0ms)[0m  [1m[34mSELECT "posts".* FROM "posts"[0m
  Rendered posts/index.html.erb within layouts/application (4.0ms)
Completed 200 OK in 167ms (Views: 152.4ms | ActiveRecord: 1.0ms)


Started GET "/posts" for ::1 at 2016-10-03 15:12:18 +0700
Processing by PostsController#index as HTML
  Rendering posts/index.html.erb within layouts/application
  [1m[36mPost Load (0.0ms)[0m  [1m[34mSELECT "posts".* FROM "posts"[0m
  Rendered posts/index.html.erb within layouts/application (3.0ms)
Completed 200 OK in 170ms (Views: 155.4ms | ActiveRecord: 0.0ms)


Started GET "/posts/new" for ::1 at 2016-10-03 15:16:05 +0700
Processing by PostsController#new as HTML
  Rendering posts/new.html.erb within layouts/application
  Rendered posts/_form.html.erb (3.0ms)
  Rendered posts/new.html.erb within layouts/application (17.0ms)
Completed 200 OK in 185ms (Views: 170.9ms | ActiveRecord: 0.0ms)


Started GET "/posts/new" for ::1 at 2016-10-03 15:16:07 +0700
Processing by PostsController#new as HTML
  Rendering posts/new.html.erb within layouts/application
  Rendered posts/_form.html.erb (2.0ms)
  Rendered posts/new.html.erb within layouts/application (18.0ms)
Completed 200 OK in 185ms (Views: 170.9ms | ActiveRecord: 0.0ms)


Started GET "/posts/new" for ::1 at 2016-10-03 15:16:09 +0700
Processing by PostsController#new as HTML
  Rendering posts/new.html.erb within layouts/application
  Rendered posts/_form.html.erb (5.0ms)
  Rendered posts/new.html.erb within layouts/application (31.0ms)
Completed 200 OK in 288ms (Views: 257.8ms | ActiveRecord: 0.0ms)


Started GET "/posts" for ::1 at 2016-10-03 15:16:20 +0700
Processing by PostsController#index as HTML
  Rendering posts/index.html.erb within layouts/application
  [1m[36mPost Load (1.0ms)[0m  [1m[34mSELECT "posts".* FROM "posts"[0m
  Rendered posts/index.html.erb within layouts/application (4.0ms)
Completed 200 OK in 170ms (Views: 152.3ms | ActiveRecord: 1.0ms)


Started GET "/posts/new" for ::1 at 2016-10-03 15:16:22 +0700
Processing by PostsController#new as HTML
  Rendering posts/new.html.erb within layouts/application
  Rendered posts/_form.html.erb (3.0ms)
  Rendered posts/new.html.erb within layouts/application (19.0ms)
Completed 200 OK in 183ms (Views: 169.4ms | ActiveRecord: 0.0ms)


Started GET "/posts" for ::1 at 2016-10-03 15:16:24 +0700
Processing by PostsController#index as HTML
  Rendering posts/index.html.erb within layouts/application
  [1m[36mPost Load (1.0ms)[0m  [1m[34mSELECT "posts".* FROM "posts"[0m
  Rendered posts/index.html.erb within layouts/application (4.0ms)
Completed 200 OK in 154ms (Views: 138.4ms | ActiveRecord: 1.0ms)


Started GET "/posts/new" for ::1 at 2016-10-03 15:16:27 +0700
Processing by PostsController#new as HTML
  Rendering posts/new.html.erb within layouts/application
  Rendered posts/_form.html.erb (3.0ms)
  Rendered posts/new.html.erb within layouts/application (17.0ms)
Completed 200 OK in 183ms (Views: 168.0ms | ActiveRecord: 0.0ms)


Started GET "/posts" for ::1 at 2016-10-03 15:16:29 +0700
Processing by PostsController#index as HTML
  Rendering posts/index.html.erb within layouts/application
  [1m[36mPost Load (1.0ms)[0m  [1m[34mSELECT "posts".* FROM "posts"[0m
  Rendered posts/index.html.erb within layouts/application (4.0ms)
Completed 200 OK in 171ms (Views: 155.8ms | ActiveRecord: 1.0ms)


Started GET "/posts/new" for ::1 at 2016-10-03 15:18:41 +0700
Processing by PostsController#new as HTML
  Rendering posts/new.html.erb within layouts/application
  Rendered posts/_form.html.erb (3.0ms)
  Rendered posts/new.html.erb within layouts/application (18.0ms)
Completed 200 OK in 208ms (Views: 189.8ms | ActiveRecord: 0.0ms)


Started GET "/posts" for ::1 at 2016-10-03 15:19:11 +0700
Processing by PostsController#index as HTML
  Rendering posts/index.html.erb within layouts/application
  [1m[36mPost Load (0.0ms)[0m  [1m[34mSELECT "posts".* FROM "posts"[0m
  Rendered posts/index.html.erb within layouts/application (3.0ms)
Completed 200 OK in 165ms (Views: 150.1ms | ActiveRecord: 0.0ms)


Started GET "/posts/new" for ::1 at 2016-10-03 15:19:20 +0700
Processing by PostsController#new as HTML
  Rendering posts/new.html.erb within layouts/application
  Rendered posts/_form.html.erb (4.0ms)
  Rendered posts/new.html.erb within layouts/application (24.0ms)
Completed 200 OK in 244ms (Views: 216.7ms | ActiveRecord: 0.0ms)


Started POST "/posts" for ::1 at 2016-10-03 15:19:32 +0700
Processing by PostsController#create as HTML
  Parameters: {"utf8"=>"✓", "authenticity_token"=>"bHwDLeFKWYYVYtd43LIG+DoxIVTcaOusNAU5dJWb0zUTs4N/fAqlA8VnLHLk+WfroNNDmKS5+uWk3YUKMxoGtw==", "post"=>{"title"=>"this is third blog", "body"=>"this is third content", "comment"=>"this is third comment", "slug"=>""}, "commit"=>"Create Post"}
  [1m[35m (0.0ms)[0m  [1m[36mbegin transaction[0m
  [1m[36mPost Exists (0.0ms)[0m  [1m[34mSELECT  1 AS one FROM "posts" WHERE ("posts"."id" IS NOT NULL) AND "posts"."slug" = ? LIMIT ?[0m  [["slug", "this-is-third-blog"], ["LIMIT", 1]]
  [1m[35mSQL (0.0ms)[0m  [1m[32mINSERT INTO "posts" ("title", "body", "comment", "slug", "created_at", "updated_at") VALUES (?, ?, ?, ?, ?, ?)[0m  [["title", "this is third blog"], ["body", "this is third content"], ["comment", "this is third comment"], ["slug", "this-is-third-blog"], ["created_at", 2016-10-03 08:19:32 UTC], ["updated_at", 2016-10-03 08:19:32 UTC]]
  [1m[35m (181.2ms)[0m  [1m[36mcommit transaction[0m
Redirected to http://localhost:3000/posts/this-is-third-blog
Completed 302 Found in 191ms (ActiveRecord: 181.2ms)


Started GET "/posts/this-is-third-blog" for ::1 at 2016-10-03 15:19:33 +0700
Processing by PostsController#show as HTML
  Parameters: {"id"=>"this-is-third-blog"}
  [1m[36mPost Load (1.0ms)[0m  [1m[34mSELECT  "posts".* FROM "posts" WHERE "posts"."slug" = ? ORDER BY "posts"."id" ASC LIMIT ?[0m  [["slug", "this-is-third-blog"], ["LIMIT", 1]]
  Rendering posts/show.html.erb within layouts/application
  Rendered posts/show.html.erb within layouts/application (1.0ms)
Completed 200 OK in 180ms (Views: 163.8ms | ActiveRecord: 1.0ms)


Started GET "/posts" for ::1 at 2016-10-03 15:19:36 +0700
Processing by PostsController#index as HTML
  Rendering posts/index.html.erb within layouts/application
  [1m[36mPost Load (0.0ms)[0m  [1m[34mSELECT "posts".* FROM "posts"[0m
  Rendered posts/index.html.erb within layouts/application (4.0ms)
Completed 200 OK in 202ms (Views: 180.5ms | ActiveRecord: 0.0ms)


Started GET "/posts/this-is-first-title/edit" for ::1 at 2016-10-03 15:19:41 +0700
Processing by PostsController#edit as HTML
  Parameters: {"id"=>"this-is-first-title"}
  [1m[36mPost Load (0.0ms)[0m  [1m[34mSELECT  "posts".* FROM "posts" WHERE "posts"."slug" = ? ORDER BY "posts"."id" ASC LIMIT ?[0m  [["slug", "this-is-first-title"], ["LIMIT", 1]]
  Rendering posts/edit.html.erb within layouts/application
  Rendered posts/_form.html.erb (5.0ms)
  Rendered posts/edit.html.erb within layouts/application (20.0ms)
Completed 200 OK in 209ms (Views: 190.3ms | ActiveRecord: 0.0ms)


Started PATCH "/posts/this-is-first-title" for ::1 at 2016-10-03 15:19:55 +0700
Processing by PostsController#update as HTML
  Parameters: {"utf8"=>"✓", "authenticity_token"=>"cAQTedFRmSOLd4pW+Xi2sr5M8evNDEQItQ7LcGy2Z5dfpwtAFOygvAEzrx4Wx2WjY40ut3d3YV5pvksruzZYQw==", "post"=>{"title"=>"this is lasttitle", "body"=>"this is lasttitlecontent", "comment"=>"this is lasttitlecomment", "slug"=>"this-is-first-title"}, "commit"=>"Update Post", "id"=>"this-is-first-title"}
  [1m[36mPost Load (1.0ms)[0m  [1m[34mSELECT  "posts".* FROM "posts" WHERE "posts"."slug" = ? ORDER BY "posts"."id" ASC LIMIT ?[0m  [["slug", "this-is-first-title"], ["LIMIT", 1]]
  [1m[35m (0.0ms)[0m  [1m[36mbegin transaction[0m
  [1m[36mPost Exists (0.0ms)[0m  [1m[34mSELECT  1 AS one FROM "posts" WHERE ("posts"."id" != 2) AND "posts"."slug" = ? LIMIT ?[0m  [["slug", "this-is-lasttitle"], ["LIMIT", 1]]
  [1m[35mSQL (1.0ms)[0m  [1m[33mUPDATE "posts" SET "title" = ?, "body" = ?, "comment" = ?, "slug" = ?, "updated_at" = ? WHERE "posts"."id" = ?[0m  [["title", "this is lasttitle"], ["body", "this is lasttitlecontent"], ["comment", "this is lasttitlecomment"], ["slug", "this-is-lasttitle"], ["updated_at", 2016-10-03 08:19:55 UTC], ["id", 2]]
  [1m[35m (146.1ms)[0m  [1m[36mcommit transaction[0m
Redirected to http://localhost:3000/posts/this-is-lasttitle
Completed 302 Found in 162ms (ActiveRecord: 148.1ms)


Started GET "/posts/this-is-lasttitle" for ::1 at 2016-10-03 15:19:55 +0700
Processing by PostsController#show as HTML
  Parameters: {"id"=>"this-is-lasttitle"}
  [1m[36mPost Load (1.0ms)[0m  [1m[34mSELECT  "posts".* FROM "posts" WHERE "posts"."slug" = ? ORDER BY "posts"."id" ASC LIMIT ?[0m  [["slug", "this-is-lasttitle"], ["LIMIT", 1]]
  Rendering posts/show.html.erb within layouts/application
  Rendered posts/show.html.erb within layouts/application (1.0ms)
Completed 200 OK in 196ms (Views: 177.2ms | ActiveRecord: 1.0ms)


Started GET "/posts" for ::1 at 2016-10-03 15:19:58 +0700
Processing by PostsController#index as HTML
  Rendering posts/index.html.erb within layouts/application
  [1m[36mPost Load (0.0ms)[0m  [1m[34mSELECT "posts".* FROM "posts"[0m
  Rendered posts/index.html.erb within layouts/application (5.0ms)
Completed 200 OK in 246ms (Views: 219.2ms | ActiveRecord: 0.0ms)


Started GET "/posts/this-is-lasttitle" for ::1 at 2016-10-03 15:20:01 +0700
Processing by PostsController#show as HTML
  Parameters: {"id"=>"this-is-lasttitle"}
  [1m[36mPost Load (1.0ms)[0m  [1m[34mSELECT  "posts".* FROM "posts" WHERE "posts"."slug" = ? ORDER BY "posts"."id" ASC LIMIT ?[0m  [["slug", "this-is-lasttitle"], ["LIMIT", 1]]
  Rendering posts/show.html.erb within layouts/application
  Rendered posts/show.html.erb within layouts/application (1.0ms)
Completed 200 OK in 210ms (Views: 186.4ms | ActiveRecord: 1.0ms)


Started GET "/posts" for ::1 at 2016-10-03 15:20:04 +0700
Processing by PostsController#index as HTML
  Rendering posts/index.html.erb within layouts/application
  [1m[36mPost Load (1.0ms)[0m  [1m[34mSELECT "posts".* FROM "posts"[0m
  Rendered posts/index.html.erb within layouts/application (6.0ms)
Completed 200 OK in 413ms (Views: 384.3ms | ActiveRecord: 1.0ms)


Started DELETE "/posts/this-is-lasttitle" for ::1 at 2016-10-03 15:20:07 +0700
Processing by PostsController#destroy as HTML
  Parameters: {"authenticity_token"=>"VcgASlaXvk9X5QN2hGuq6ASxGgeoQY3H+lHTmQZq1Fdr0FU1pfx+aF2SlU7NEwSwo/qkshKKri+tjNRAgMlGgg==", "id"=>"this-is-lasttitle"}
  [1m[36mPost Load (1.0ms)[0m  [1m[34mSELECT  "posts".* FROM "posts" WHERE "posts"."slug" = ? ORDER BY "posts"."id" ASC LIMIT ?[0m  [["slug", "this-is-lasttitle"], ["LIMIT", 1]]
  [1m[35m (0.0ms)[0m  [1m[36mbegin transaction[0m
  [1m[35mSQL (1.0ms)[0m  [1m[31mDELETE FROM "posts" WHERE "posts"."id" = ?[0m  [["id", 2]]
  [1m[35m (141.1ms)[0m  [1m[36mcommit transaction[0m
Redirected to http://localhost:3000/posts
Completed 302 Found in 151ms (ActiveRecord: 143.2ms)


Started GET "/posts" for ::1 at 2016-10-03 15:20:07 +0700
Processing by PostsController#index as HTML
  Rendering posts/index.html.erb within layouts/application
  [1m[36mPost Load (0.0ms)[0m  [1m[34mSELECT "posts".* FROM "posts"[0m
  Rendered posts/index.html.erb within layouts/application (5.0ms)
Completed 200 OK in 202ms (Views: 180.6ms | ActiveRecord: 0.0ms)


Started GET "/posts" for ::1 at 2016-10-03 15:20:12 +0700
Processing by PostsController#index as HTML
  Rendering posts/index.html.erb within layouts/application
  [1m[36mPost Load (0.0ms)[0m  [1m[34mSELECT "posts".* FROM "posts"[0m
  Rendered posts/index.html.erb within layouts/application (3.0ms)
Completed 200 OK in 194ms (Views: 171.2ms | ActiveRecord: 0.0ms)


Started GET "/posts" for ::1 at 2016-10-03 15:20:13 +0700
Processing by PostsController#index as HTML
  Rendering posts/index.html.erb within layouts/application
  [1m[36mPost Load (1.0ms)[0m  [1m[34mSELECT "posts".* FROM "posts"[0m
  Rendered posts/index.html.erb within layouts/application (3.0ms)
Completed 200 OK in 200ms (Views: 178.7ms | ActiveRecord: 1.0ms)


Started GET "/posts" for ::1 at 2016-10-03 15:20:13 +0700
Processing by PostsController#index as HTML
  Rendering posts/index.html.erb within layouts/application
  [1m[36mPost Load (0.0ms)[0m  [1m[34mSELECT "posts".* FROM "posts"[0m
  Rendered posts/index.html.erb within layouts/application (4.0ms)
Completed 200 OK in 186ms (Views: 166.0ms | ActiveRecord: 0.0ms)


Started GET "/posts/new" for ::1 at 2016-10-03 15:22:22 +0700
Processing by PostsController#new as HTML
  Rendering posts/new.html.erb within layouts/application
  Rendered posts/_form.html.erb (2.0ms)
  Rendered posts/new.html.erb within layouts/application (17.0ms)
Completed 200 OK in 201ms (Views: 185.9ms | ActiveRecord: 0.0ms)


Started GET "/posts" for ::1 at 2016-10-03 15:23:23 +0700
Processing by PostsController#index as HTML
  Rendering posts/index.html.erb within layouts/application
  [1m[36mPost Load (0.0ms)[0m  [1m[34mSELECT "posts".* FROM "posts"[0m
  Rendered posts/index.html.erb within layouts/application (3.0ms)
Completed 200 OK in 190ms (Views: 175.2ms | ActiveRecord: 0.0ms)


Started GET "/posts/new" for ::1 at 2016-10-03 15:30:12 +0700
Processing by PostsController#new as HTML
  Rendering posts/new.html.erb within layouts/application
  Rendered posts/_form.html.erb (3.0ms)
  Rendered posts/new.html.erb within layouts/application (20.0ms)
Completed 200 OK in 238ms (Views: 214.1ms | ActiveRecord: 0.0ms)


Started GET "/posts" for ::1 at 2016-10-03 15:30:34 +0700
Processing by PostsController#index as HTML
  Rendering posts/index.html.erb within layouts/application
  [1m[36mPost Load (1.0ms)[0m  [1m[34mSELECT "posts".* FROM "posts"[0m
  Rendered posts/index.html.erb within layouts/application (4.0ms)
Completed 200 OK in 194ms (Views: 177.6ms | ActiveRecord: 1.0ms)


Started GET "/posts/new" for ::1 at 2016-10-03 15:30:35 +0700
Processing by PostsController#new as HTML
  Rendering posts/new.html.erb within layouts/application
  Rendered posts/_form.html.erb (5.0ms)
  Rendered posts/new.html.erb within layouts/application (25.0ms)
Completed 200 OK in 224ms (Views: 208.0ms | ActiveRecord: 0.0ms)


Started GET "/posts" for ::1 at 2016-10-03 15:31:50 +0700
Processing by PostsController#index as HTML
  Rendering posts/index.html.erb within layouts/application
  [1m[36mPost Load (0.0ms)[0m  [1m[34mSELECT "posts".* FROM "posts"[0m
  Rendered posts/index.html.erb within layouts/application (4.0ms)
Completed 200 OK in 178ms (Views: 161.7ms | ActiveRecord: 0.0ms)


Started GET "/" for ::1 at 2016-10-03 15:32:14 +0700
Processing by PostsController#index as HTML
  Rendering posts/index.html.erb within layouts/application
  [1m[36mPost Load (0.0ms)[0m  [1m[34mSELECT "posts".* FROM "posts"[0m
  Rendered posts/index.html.erb within layouts/application (3.0ms)
Completed 200 OK in 200ms (Views: 182.5ms | ActiveRecord: 0.0ms)


Started GET "/posts/new" for ::1 at 2016-10-03 15:32:16 +0700
Processing by PostsController#new as HTML
  Rendering posts/new.html.erb within layouts/application
  Rendered posts/_form.html.erb (3.0ms)
  Rendered posts/new.html.erb within layouts/application (20.0ms)
Completed 200 OK in 216ms (Views: 192.5ms | ActiveRecord: 0.0ms)


Started POST "/posts" for ::1 at 2016-10-03 15:32:33 +0700
Processing by PostsController#create as HTML
  Parameters: {"utf8"=>"✓", "authenticity_token"=>"BjIv2qIhmts6n5fj5jinzk6+ZdgCqfprrvudde5kdsd5/a+IP2FmXuqabOnec8bd1FwHFHp46yI+IyELSOWjRQ==", "post"=>{"title"=>"this is first title", "body"=>"this is first content", "comment"=>"this is first comment", "slug"=>""}, "commit"=>"Create Post"}
  [1m[35m (0.0ms)[0m  [1m[36mbegin transaction[0m
  [1m[36mPost Exists (0.0ms)[0m  [1m[34mSELECT  1 AS one FROM "posts" WHERE ("posts"."id" IS NOT NULL) AND "posts"."slug" = ? LIMIT ?[0m  [["slug", "this-is-first-title"], ["LIMIT", 1]]
  [1m[35mSQL (2.0ms)[0m  [1m[32mINSERT INTO "posts" ("title", "body", "comment", "slug", "created_at", "updated_at") VALUES (?, ?, ?, ?, ?, ?)[0m  [["title", "this is first title"], ["body", "this is first content"], ["comment", "this is first comment"], ["slug", "this-is-first-title"], ["created_at", 2016-10-03 08:32:33 UTC], ["updated_at", 2016-10-03 08:32:33 UTC]]
  [1m[35m (216.2ms)[0m  [1m[36mcommit transaction[0m
Redirected to http://localhost:3000/posts/this-is-first-title
Completed 302 Found in 226ms (ActiveRecord: 218.2ms)


Started GET "/posts/this-is-first-title" for ::1 at 2016-10-03 15:32:33 +0700
Processing by PostsController#show as HTML
  Parameters: {"id"=>"this-is-first-title"}
  [1m[36mPost Load (1.0ms)[0m  [1m[34mSELECT  "posts".* FROM "posts" WHERE "posts"."slug" = ? ORDER BY "posts"."id" ASC LIMIT ?[0m  [["slug", "this-is-first-title"], ["LIMIT", 1]]
  Rendering posts/show.html.erb within layouts/application
  Rendered posts/show.html.erb within layouts/application (1.0ms)
Completed 200 OK in 197ms (Views: 179.5ms | ActiveRecord: 1.0ms)


Started GET "/posts" for ::1 at 2016-10-03 15:32:37 +0700
Processing by PostsController#index as HTML
  Rendering posts/index.html.erb within layouts/application
  [1m[36mPost Load (0.0ms)[0m  [1m[34mSELECT "posts".* FROM "posts"[0m
  Rendered posts/index.html.erb within layouts/application (4.0ms)
Completed 200 OK in 203ms (Views: 185.4ms | ActiveRecord: 0.0ms)


Started GET "/posts/this-is-first-title" for ::1 at 2016-10-03 15:32:42 +0700
Processing by PostsController#show as HTML
  Parameters: {"id"=>"this-is-first-title"}
  [1m[36mPost Load (1.0ms)[0m  [1m[34mSELECT  "posts".* FROM "posts" WHERE "posts"."slug" = ? ORDER BY "posts"."id" ASC LIMIT ?[0m  [["slug", "this-is-first-title"], ["LIMIT", 1]]
  Rendering posts/show.html.erb within layouts/application
  Rendered posts/show.html.erb within layouts/application (1.0ms)
Completed 200 OK in 193ms (Views: 176.7ms | ActiveRecord: 1.0ms)


Started GET "/posts" for ::1 at 2016-10-03 15:32:44 +0700
Processing by PostsController#index as HTML
  Rendering posts/index.html.erb within layouts/application
  [1m[36mPost Load (1.0ms)[0m  [1m[34mSELECT "posts".* FROM "posts"[0m
  Rendered posts/index.html.erb within layouts/application (18.0ms)
Completed 200 OK in 447ms (Views: 412.4ms | ActiveRecord: 1.0ms)


Started GET "/posts/this-is-first-title/edit" for ::1 at 2016-10-03 15:32:45 +0700
Processing by PostsController#edit as HTML
  Parameters: {"id"=>"this-is-first-title"}
  [1m[36mPost Load (1.0ms)[0m  [1m[34mSELECT  "posts".* FROM "posts" WHERE "posts"."slug" = ? ORDER BY "posts"."id" ASC LIMIT ?[0m  [["slug", "this-is-first-title"], ["LIMIT", 1]]
  Rendering posts/edit.html.erb within layouts/application
  Rendered posts/_form.html.erb (3.0ms)
  Rendered posts/edit.html.erb within layouts/application (18.0ms)
Completed 200 OK in 197ms (Views: 173.0ms | ActiveRecord: 1.0ms)


Started PATCH "/posts/this-is-first-title" for ::1 at 2016-10-03 15:33:00 +0700
Processing by PostsController#update as HTML
  Parameters: {"utf8"=>"✓", "authenticity_token"=>"JWugCIlwqZGx95mpp2g/FG0L6AitWj4xj6ApTXOAsrMKyLgxTM2QDjuzvOFI1+wFsMo3VBchG2dTEKkWpACNZw==", "post"=>{"title"=>"this is last title", "body"=>"this is last content", "comment"=>"this is last comment", "slug"=>"this-is-last-title"}, "commit"=>"Update Post", "id"=>"this-is-first-title"}
  [1m[36mPost Load (0.0ms)[0m  [1m[34mSELECT  "posts".* FROM "posts" WHERE "posts"."slug" = ? ORDER BY "posts"."id" ASC LIMIT ?[0m  [["slug", "this-is-first-title"], ["LIMIT", 1]]
  [1m[35m (1.0ms)[0m  [1m[36mbegin transaction[0m
  [1m[36mPost Exists (0.0ms)[0m  [1m[34mSELECT  1 AS one FROM "posts" WHERE ("posts"."id" != 5) AND "posts"."slug" = ? LIMIT ?[0m  [["slug", "this-is-last-title"], ["LIMIT", 1]]
  [1m[35mSQL (1.0ms)[0m  [1m[33mUPDATE "posts" SET "title" = ?, "body" = ?, "comment" = ?, "slug" = ?, "updated_at" = ? WHERE "posts"."id" = ?[0m  [["title", "this is last title"], ["body", "this is last content"], ["comment", "this is last comment"], ["slug", "this-is-last-title"], ["updated_at", 2016-10-03 08:33:00 UTC], ["id", 5]]
  [1m[35m (217.2ms)[0m  [1m[36mcommit transaction[0m
Redirected to http://localhost:3000/posts/this-is-last-title
Completed 302 Found in 232ms (ActiveRecord: 219.2ms)


Started GET "/posts/this-is-last-title" for ::1 at 2016-10-03 15:33:01 +0700
Processing by PostsController#show as HTML
  Parameters: {"id"=>"this-is-last-title"}
  [1m[36mPost Load (0.0ms)[0m  [1m[34mSELECT  "posts".* FROM "posts" WHERE "posts"."slug" = ? ORDER BY "posts"."id" ASC LIMIT ?[0m  [["slug", "this-is-last-title"], ["LIMIT", 1]]
  Rendering posts/show.html.erb within layouts/application
  Rendered posts/show.html.erb within layouts/application (1.0ms)
Completed 200 OK in 195ms (Views: 176.6ms | ActiveRecord: 0.0ms)


Started GET "/posts" for ::1 at 2016-10-03 15:33:03 +0700
Processing by PostsController#index as HTML
  Rendering posts/index.html.erb within layouts/application
  [1m[36mPost Load (0.0ms)[0m  [1m[34mSELECT "posts".* FROM "posts"[0m
  Rendered posts/index.html.erb within layouts/application (3.0ms)
Completed 200 OK in 216ms (Views: 193.9ms | ActiveRecord: 0.0ms)


Started DELETE "/posts/this-is-last-title" for ::1 at 2016-10-03 15:33:10 +0700
Processing by PostsController#destroy as HTML
  Parameters: {"authenticity_token"=>"kpZF0+tsAbc+ceqjmlZN1gh6Br8/YImu1o12rPuKmqmsjhCsGAfBkDQGfJvTLuOOrzG4CoWrqkaBUHF1fSkIfA==", "id"=>"this-is-last-title"}
  [1m[36mPost Load (1.0ms)[0m  [1m[34mSELECT  "posts".* FROM "posts" WHERE "posts"."slug" = ? ORDER BY "posts"."id" ASC LIMIT ?[0m  [["slug", "this-is-last-title"], ["LIMIT", 1]]
  [1m[35m (0.0ms)[0m  [1m[36mbegin transaction[0m
  [1m[35mSQL (1.0ms)[0m  [1m[31mDELETE FROM "posts" WHERE "posts"."id" = ?[0m  [["id", 5]]
  [1m[35m (92.1ms)[0m  [1m[36mcommit transaction[0m
Redirected to http://localhost:3000/posts
Completed 302 Found in 99ms (ActiveRecord: 94.1ms)


Started GET "/posts" for ::1 at 2016-10-03 15:33:10 +0700
Processing by PostsController#index as HTML
  Rendering posts/index.html.erb within layouts/application
  [1m[36mPost Load (0.0ms)[0m  [1m[34mSELECT "posts".* FROM "posts"[0m
  Rendered posts/index.html.erb within layouts/application (4.0ms)
Completed 200 OK in 198ms (Views: 176.2ms | ActiveRecord: 0.0ms)


Started GET "/posts" for ::1 at 2016-10-03 15:33:14 +0700
Processing by PostsController#index as HTML
  Rendering posts/index.html.erb within layouts/application
  [1m[36mPost Load (1.0ms)[0m  [1m[34mSELECT "posts".* FROM "posts"[0m
  Rendered posts/index.html.erb within layouts/application (3.0ms)
Completed 200 OK in 199ms (Views: 182.6ms | ActiveRecord: 1.0ms)


Started GET "/posts" for ::1 at 2016-10-03 15:33:14 +0700
Processing by PostsController#index as HTML
  Rendering posts/index.html.erb within layouts/application
  [1m[36mPost Load (0.0ms)[0m  [1m[34mSELECT "posts".* FROM "posts"[0m
  Rendered posts/index.html.erb within layouts/application (3.0ms)
Completed 200 OK in 196ms (Views: 174.6ms | ActiveRecord: 0.0ms)


Started GET "/posts" for ::1 at 2016-10-03 15:33:16 +0700
Processing by PostsController#index as HTML
  Rendering posts/index.html.erb within layouts/application
  [1m[36mPost Load (0.0ms)[0m  [1m[34mSELECT "posts".* FROM "posts"[0m
  Rendered posts/index.html.erb within layouts/application (4.0ms)
Completed 200 OK in 196ms (Views: 180.4ms | ActiveRecord: 0.0ms)


Started GET "/posts" for ::1 at 2016-10-03 15:33:16 +0700
Processing by PostsController#index as HTML
  Rendering posts/index.html.erb within layouts/application
  [1m[36mPost Load (0.0ms)[0m  [1m[34mSELECT "posts".* FROM "posts"[0m
  Rendered posts/index.html.erb within layouts/application (5.0ms)
Completed 200 OK in 189ms (Views: 174.3ms | ActiveRecord: 0.0ms)


Started GET "/posts" for ::1 at 2016-10-03 15:33:18 +0700
Processing by PostsController#index as HTML
  Rendering posts/index.html.erb within layouts/application
  [1m[36mPost Load (0.0ms)[0m  [1m[34mSELECT "posts".* FROM "posts"[0m
  Rendered posts/index.html.erb within layouts/application (4.0ms)
Completed 200 OK in 385ms (Views: 354.1ms | ActiveRecord: 0.0ms)


Started GET "/posts/new" for ::1 at 2016-10-03 15:34:22 +0700
Processing by PostsController#new as HTML
  Rendering posts/new.html.erb within layouts/application
  Rendered posts/_form.html.erb (4.0ms)
  Rendered posts/new.html.erb within layouts/application (20.0ms)
Completed 200 OK in 213ms (Views: 196.6ms | ActiveRecord: 0.0ms)


Started POST "/posts" for ::1 at 2016-10-03 15:34:33 +0700
Processing by PostsController#create as HTML
  Parameters: {"utf8"=>"✓", "authenticity_token"=>"1Gb1Nr3ZGVRiQtgijxTR52XukJGNgLzaHT2C1ySJvYirqXVkIJnl0bJHIyi3X7D0/wzyXfVRrZON5T6pgghoCg==", "post"=>{"title"=>"this is first title", "body"=>"this is first title", "comment"=>"this is first title", "slug"=>""}, "commit"=>"Create Post"}
  [1m[35m (0.0ms)[0m  [1m[36mbegin transaction[0m
  [1m[36mPost Exists (0.0ms)[0m  [1m[34mSELECT  1 AS one FROM "posts" WHERE ("posts"."id" IS NOT NULL) AND "posts"."slug" = ? LIMIT ?[0m  [["slug", "this-is-first-title"], ["LIMIT", 1]]
  [1m[35mSQL (0.0ms)[0m  [1m[32mINSERT INTO "posts" ("title", "body", "comment", "slug", "created_at", "updated_at") VALUES (?, ?, ?, ?, ?, ?)[0m  [["title", "this is first title"], ["body", "this is first title"], ["comment", "this is first title"], ["slug", "this-is-first-title"], ["created_at", 2016-10-03 08:34:33 UTC], ["updated_at", 2016-10-03 08:34:33 UTC]]
  [1m[35m (251.2ms)[0m  [1m[36mcommit transaction[0m
Redirected to http://localhost:3000/posts/this-is-first-title
Completed 302 Found in 259ms (ActiveRecord: 251.2ms)


Started GET "/posts/this-is-first-title" for ::1 at 2016-10-03 15:34:33 +0700
Processing by PostsController#show as HTML
  Parameters: {"id"=>"this-is-first-title"}
  [1m[36mPost Load (0.0ms)[0m  [1m[34mSELECT  "posts".* FROM "posts" WHERE "posts"."slug" = ? ORDER BY "posts"."id" ASC LIMIT ?[0m  [["slug", "this-is-first-title"], ["LIMIT", 1]]
  Rendering posts/show.html.erb within layouts/application
  Rendered posts/show.html.erb within layouts/application (1.0ms)
Completed 200 OK in 206ms (Views: 188.2ms | ActiveRecord: 0.0ms)


Started GET "/posts" for ::1 at 2016-10-03 15:34:36 +0700
Processing by PostsController#index as HTML
  Rendering posts/index.html.erb within layouts/application
  [1m[36mPost Load (0.0ms)[0m  [1m[34mSELECT "posts".* FROM "posts"[0m
  Rendered posts/index.html.erb within layouts/application (4.0ms)
Completed 200 OK in 193ms (Views: 176.0ms | ActiveRecord: 0.0ms)


Started GET "/posts/this-is-first-title" for ::1 at 2016-10-03 15:34:41 +0700
Processing by PostsController#show as HTML
  Parameters: {"id"=>"this-is-first-title"}
  [1m[36mPost Load (0.0ms)[0m  [1m[34mSELECT  "posts".* FROM "posts" WHERE "posts"."slug" = ? ORDER BY "posts"."id" ASC LIMIT ?[0m  [["slug", "this-is-first-title"], ["LIMIT", 1]]
  Rendering posts/show.html.erb within layouts/application
  Rendered posts/show.html.erb within layouts/application (1.0ms)
Completed 200 OK in 201ms (Views: 183.2ms | ActiveRecord: 0.0ms)


Started GET "/posts" for ::1 at 2016-10-03 15:34:43 +0700
Processing by PostsController#index as HTML
  Rendering posts/index.html.erb within layouts/application
  [1m[36mPost Load (0.0ms)[0m  [1m[34mSELECT "posts".* FROM "posts"[0m
  Rendered posts/index.html.erb within layouts/application (3.0ms)
Completed 200 OK in 197ms (Views: 181.9ms | ActiveRecord: 0.0ms)


Started GET "/posts/this-is-first-title/edit" for ::1 at 2016-10-03 15:34:45 +0700
Processing by PostsController#edit as HTML
  Parameters: {"id"=>"this-is-first-title"}
  [1m[36mPost Load (0.0ms)[0m  [1m[34mSELECT  "posts".* FROM "posts" WHERE "posts"."slug" = ? ORDER BY "posts"."id" ASC LIMIT ?[0m  [["slug", "this-is-first-title"], ["LIMIT", 1]]
  Rendering posts/edit.html.erb within layouts/application
  Rendered posts/_form.html.erb (8.0ms)
  Rendered posts/edit.html.erb within layouts/application (44.0ms)
Completed 200 OK in 456ms (Views: 432.1ms | ActiveRecord: 0.0ms)


Started PATCH "/posts/this-is-first-title" for ::1 at 2016-10-03 15:34:59 +0700
Processing by PostsController#update as HTML
  Parameters: {"utf8"=>"✓", "authenticity_token"=>"jyQ0BOfEAHFIS4kwi2a148geLat/3j8mVT6ebEXjkA+ghyw9Ink57sIPrHhk2WbyFd/y98WlGnCJjh43kmOv2w==", "post"=>{"title"=>"this is last title", "body"=>"this is last title", "comment"=>"this is last title", "slug"=>"this-is-last-title"}, "commit"=>"Update Post", "id"=>"this-is-first-title"}
  [1m[36mPost Load (0.0ms)[0m  [1m[34mSELECT  "posts".* FROM "posts" WHERE "posts"."slug" = ? ORDER BY "posts"."id" ASC LIMIT ?[0m  [["slug", "this-is-first-title"], ["LIMIT", 1]]
  [1m[35m (0.0ms)[0m  [1m[36mbegin transaction[0m
  [1m[36mPost Exists (0.0ms)[0m  [1m[34mSELECT  1 AS one FROM "posts" WHERE ("posts"."id" != 6) AND "posts"."slug" = ? LIMIT ?[0m  [["slug", "this-is-last-title"], ["LIMIT", 1]]
  [1m[35mSQL (0.0ms)[0m  [1m[33mUPDATE "posts" SET "title" = ?, "body" = ?, "comment" = ?, "slug" = ?, "updated_at" = ? WHERE "posts"."id" = ?[0m  [["title", "this is last title"], ["body", "this is last title"], ["comment", "this is last title"], ["slug", "this-is-last-title"], ["updated_at", 2016-10-03 08:34:59 UTC], ["id", 6]]
  [1m[35m (130.1ms)[0m  [1m[36mcommit transaction[0m
Redirected to http://localhost:3000/posts/this-is-last-title
Completed 302 Found in 144ms (ActiveRecord: 130.1ms)


Started GET "/posts/this-is-last-title" for ::1 at 2016-10-03 15:34:59 +0700
Processing by PostsController#show as HTML
  Parameters: {"id"=>"this-is-last-title"}
  [1m[36mPost Load (1.0ms)[0m  [1m[34mSELECT  "posts".* FROM "posts" WHERE "posts"."slug" = ? ORDER BY "posts"."id" ASC LIMIT ?[0m  [["slug", "this-is-last-title"], ["LIMIT", 1]]
  Rendering posts/show.html.erb within layouts/application
  Rendered posts/show.html.erb within layouts/application (1.0ms)
Completed 200 OK in 202ms (Views: 180.1ms | ActiveRecord: 1.0ms)


Started GET "/posts" for ::1 at 2016-10-03 15:35:02 +0700
Processing by PostsController#index as HTML
  Rendering posts/index.html.erb within layouts/application
  [1m[36mPost Load (1.0ms)[0m  [1m[34mSELECT "posts".* FROM "posts"[0m
  Rendered posts/index.html.erb within layouts/application (4.0ms)
Completed 200 OK in 203ms (Views: 181.1ms | ActiveRecord: 1.0ms)


Started DELETE "/posts/this-is-last-title" for ::1 at 2016-10-03 15:35:07 +0700
Processing by PostsController#destroy as HTML
  Parameters: {"authenticity_token"=>"pZPfzfwVnsgNGJJsw120KedR1U8wJiQcLlAWoYmJgs6bi4qyD35e7wdvBFSKJRpxQBpr+ortB/R5jRF4DyoQGw==", "id"=>"this-is-last-title"}
  [1m[36mPost Load (1.0ms)[0m  [1m[34mSELECT  "posts".* FROM "posts" WHERE "posts"."slug" = ? ORDER BY "posts"."id" ASC LIMIT ?[0m  [["slug", "this-is-last-title"], ["LIMIT", 1]]
  [1m[35m (0.0ms)[0m  [1m[36mbegin transaction[0m
  [1m[35mSQL (0.0ms)[0m  [1m[31mDELETE FROM "posts" WHERE "posts"."id" = ?[0m  [["id", 6]]
  [1m[35m (176.1ms)[0m  [1m[36mcommit transaction[0m
Redirected to http://localhost:3000/posts
Completed 302 Found in 184ms (ActiveRecord: 177.1ms)


Started GET "/posts" for ::1 at 2016-10-03 15:35:07 +0700
Processing by PostsController#index as HTML
  Rendering posts/index.html.erb within layouts/application
  [1m[36mPost Load (1.0ms)[0m  [1m[34mSELECT "posts".* FROM "posts"[0m
  Rendered posts/index.html.erb within layouts/application (3.0ms)
Completed 200 OK in 202ms (Views: 183.9ms | ActiveRecord: 1.0ms)


